<?xml version="1.0" encoding="utf-8"?><testsuites name="pytest tests"><testsuite name="pytest" errors="0" failures="1" skipped="0" tests="26" time="2.065" timestamp="2026-01-03T10:20:58.186868+00:00" hostname="agent-env-1f8a9c21-f4d8-47dd-afaf-bd79aa02fda8"><testcase classname="tests.test_admin_security.TestAdminEndpointProtection" name="test_create_session_rejects_non_admin_wallet" time="0.081" /><testcase classname="tests.test_admin_security.TestAdminEndpointProtection" name="test_create_session_allows_admin_wallet" time="0.077" /><testcase classname="tests.test_admin_security.TestAdminEndpointProtection" name="test_start_session_rejects_non_admin_wallet" time="0.116" /><testcase classname="tests.test_admin_security.TestAdminEndpointProtection" name="test_end_session_rejects_non_admin_wallet" time="0.225" /><testcase classname="tests.test_admin_security.TestAdminEndpointProtection" name="test_delete_session_rejects_non_admin_wallet" time="0.112" /><testcase classname="tests.test_admin_security.TestAdminEndpointProtection" name="test_get_sessions_allows_everyone" time="0.116" /><testcase classname="tests.test_admin_security.TestXPSystem" name="test_get_leaderboard" time="0.038" /><testcase classname="tests.test_admin_security.TestXPSystem" name="test_get_leaderboard_with_sort" time="0.074" /><testcase classname="tests.test_admin_security.TestXPSystem" name="test_get_leaderboard_with_limit" time="0.039" /><testcase classname="tests.test_admin_security.TestXPSystem" name="test_get_levels" time="0.035" /><testcase classname="tests.test_admin_security.TestBadgesSystem" name="test_get_available_badges" time="0.036" /><testcase classname="tests.test_admin_security.TestBadgesSystem" name="test_get_badge_leaderboard" time="0.036"><failure message="AssertionError: Expected 200, got 520: Internal Server Error&#10;assert 520 == 200&#10; +  where 520 = &lt;Response [520]&gt;.status_code">tests/test_admin_security.py:302: in test_get_badge_leaderboard
    assert response.status_code == 200, f"Expected 200, got {response.status_code}: {response.text}"
E   AssertionError: Expected 200, got 520: Internal Server Error
E   assert 520 == 200
E    +  where 520 = &lt;Response [520]&gt;.status_code</failure></testcase><testcase classname="tests.test_admin_security.TestAdminSettings" name="test_get_admin_settings" time="0.035" /><testcase classname="tests.test_admin_security.TestAdminSettings" name="test_check_wallet_role_admin" time="0.078" /><testcase classname="tests.test_admin_security.TestAdminSettings" name="test_check_wallet_role_member" time="0.033" /><testcase classname="tests.test_admin_security.TestBackwardCompatibility" name="test_create_session_without_wallet_header" time="0.074" /><testcase classname="tests.test_admin_security.TestBackwardCompatibility" name="test_start_session_without_wallet_header" time="0.144" /><testcase classname="tests.test_live_sessions.TestLiveSessionsAPI" name="test_get_sessions_list" time="0.037" /><testcase classname="tests.test_live_sessions.TestLiveSessionsAPI" name="test_get_live_sessions_filter" time="0.041" /><testcase classname="tests.test_live_sessions.TestLiveSessionsAPI" name="test_get_specific_session" time="0.037" /><testcase classname="tests.test_live_sessions.TestLiveSessionsAPI" name="test_get_room_state" time="0.034" /><testcase classname="tests.test_live_sessions.TestLiveSessionsAPI" name="test_livekit_token" time="0.036" /><testcase classname="tests.test_live_sessions.TestLiveSessionsAPI" name="test_create_session" time="0.036" /><testcase classname="tests.test_live_sessions.TestLiveSessionsAPI" name="test_start_session" time="0.114" /><testcase classname="tests.test_live_sessions.TestLiveSessionsAPI" name="test_end_session" time="0.109" /><testcase classname="tests.test_live_sessions.TestLiveSessionsAPI" name="test_delete_session" time="0.155" /></testsuite></testsuites>